{"C:\\Users\\Administrateur\\Desktop\\Ada\\FilRougeM2i\\src\\config\\app.js": {"path":"C:\\Users\\Administrateur\\Desktop\\Ada\\FilRougeM2i\\src\\config\\app.js","statementMap":{"0":{"start":{"line":1,"column":16},"end":{"line":1,"column":34}},"1":{"start":{"line":2,"column":0},"end":{"line":2,"column":32}},"2":{"start":{"line":3,"column":13},"end":{"line":3,"column":28}},"3":{"start":{"line":4,"column":17},"end":{"line":4,"column":36}},"4":{"start":{"line":6,"column":19},"end":{"line":6,"column":51}},"5":{"start":{"line":7,"column":19},"end":{"line":7,"column":51}},"6":{"start":{"line":8,"column":23},"end":{"line":8,"column":59}},"7":{"start":{"line":10,"column":15},"end":{"line":10,"column":34}},"8":{"start":{"line":11,"column":15},"end":{"line":11,"column":41}},"9":{"start":{"line":12,"column":19},"end":{"line":12,"column":56}},"10":{"start":{"line":14,"column":12},"end":{"line":14,"column":21}},"11":{"start":{"line":16,"column":0},"end":{"line":16,"column":47}},"12":{"start":{"line":18,"column":0},"end":{"line":28,"column":5}},"13":{"start":{"line":24,"column":4},"end":{"line":24,"column":35}},"14":{"start":{"line":27,"column":4},"end":{"line":27,"column":56}},"15":{"start":{"line":31,"column":0},"end":{"line":31,"column":16}},"16":{"start":{"line":32,"column":0},"end":{"line":32,"column":24}},"17":{"start":{"line":34,"column":0},"end":{"line":34,"column":33}},"18":{"start":{"line":35,"column":0},"end":{"line":35,"column":41}},"19":{"start":{"line":36,"column":0},"end":{"line":36,"column":33}},"20":{"start":{"line":38,"column":0},"end":{"line":38,"column":34}},"21":{"start":{"line":39,"column":0},"end":{"line":39,"column":36}},"22":{"start":{"line":40,"column":0},"end":{"line":40,"column":33}},"23":{"start":{"line":42,"column":0},"end":{"line":42,"column":21}}},"fnMap":{"0":{"name":"(anonymous_0)","decl":{"start":{"line":23,"column":8},"end":{"line":23,"column":9}},"loc":{"start":{"line":23,"column":14},"end":{"line":25,"column":3}},"line":23},"1":{"name":"(anonymous_1)","decl":{"start":{"line":26,"column":9},"end":{"line":26,"column":10}},"loc":{"start":{"line":26,"column":18},"end":{"line":28,"column":3}},"line":26}},"branchMap":{},"s":{"0":2,"1":2,"2":2,"3":2,"4":2,"5":2,"6":2,"7":2,"8":2,"9":2,"10":2,"11":2,"12":2,"13":2,"14":0,"15":2,"16":2,"17":2,"18":2,"19":2,"20":2,"21":2,"22":2,"23":2},"f":{"0":2,"1":0},"b":{},"_coverageSchema":"1a1c01bbd47fc00a2c39e90264f33305004495a9","hash":"b8edabd306e309e0b2a505978013ea77bab6c2ef"}
,"C:\\Users\\Administrateur\\Desktop\\Ada\\FilRougeM2i\\src\\config\\config.js": {"path":"C:\\Users\\Administrateur\\Desktop\\Ada\\FilRougeM2i\\src\\config\\config.js","statementMap":{"0":{"start":{"line":1,"column":0},"end":{"line":1,"column":56}},"1":{"start":{"line":3,"column":11},"end":{"line":3,"column":27}},"2":{"start":{"line":5,"column":2},"end":{"line":7,"column":27}},"3":{"start":{"line":9,"column":0},"end":{"line":12,"column":2}}},"fnMap":{},"branchMap":{"0":{"loc":{"start":{"line":5,"column":2},"end":{"line":7,"column":27}},"type":"cond-expr","locations":[{"start":{"line":6,"column":6},"end":{"line":6,"column":32}},{"start":{"line":7,"column":6},"end":{"line":7,"column":27}}],"line":5}},"s":{"0":2,"1":2,"2":2,"3":2},"f":{},"b":{"0":[2,0]},"_coverageSchema":"1a1c01bbd47fc00a2c39e90264f33305004495a9","hash":"291a7d966d461151d7524f189e22ac32576e8c65"}
,"C:\\Users\\Administrateur\\Desktop\\Ada\\FilRougeM2i\\src\\controllers\\card.controller.js": {"path":"C:\\Users\\Administrateur\\Desktop\\Ada\\FilRougeM2i\\src\\controllers\\card.controller.js","statementMap":{"0":{"start":{"line":1,"column":13},"end":{"line":1,"column":44}},"1":{"start":{"line":2,"column":17},"end":{"line":2,"column":52}},"2":{"start":{"line":12,"column":0},"end":{"line":15,"column":2}},"3":{"start":{"line":13,"column":16},"end":{"line":13,"column":35}},"4":{"start":{"line":14,"column":2},"end":{"line":14,"column":23}},"5":{"start":{"line":25,"column":0},"end":{"line":32,"column":2}},"6":{"start":{"line":26,"column":15},"end":{"line":26,"column":53}},"7":{"start":{"line":27,"column":2},"end":{"line":31,"column":3}},"8":{"start":{"line":28,"column":4},"end":{"line":28,"column":24}},"9":{"start":{"line":30,"column":4},"end":{"line":30,"column":31}},"10":{"start":{"line":44,"column":0},"end":{"line":67,"column":2}},"11":{"start":{"line":45,"column":39},"end":{"line":45,"column":51}},"12":{"start":{"line":47,"column":25},"end":{"line":47,"column":58}},"13":{"start":{"line":49,"column":2},"end":{"line":66,"column":3}},"14":{"start":{"line":50,"column":4},"end":{"line":50,"column":30}},"15":{"start":{"line":51,"column":17},"end":{"line":55,"column":6}},"16":{"start":{"line":57,"column":22},"end":{"line":57,"column":39}},"17":{"start":{"line":59,"column":4},"end":{"line":59,"column":69}},"18":{"start":{"line":60,"column":4},"end":{"line":60,"column":32}},"19":{"start":{"line":62,"column":4},"end":{"line":62,"column":41}},"20":{"start":{"line":64,"column":4},"end":{"line":64,"column":25}},"21":{"start":{"line":65,"column":4},"end":{"line":65,"column":56}},"22":{"start":{"line":76,"column":0},"end":{"line":81,"column":2}},"23":{"start":{"line":77,"column":17},"end":{"line":77,"column":34}},"24":{"start":{"line":78,"column":2},"end":{"line":78,"column":39}},"25":{"start":{"line":79,"column":2},"end":{"line":79,"column":76}},"26":{"start":{"line":80,"column":2},"end":{"line":80,"column":56}},"27":{"start":{"line":91,"column":0},"end":{"line":108,"column":2}},"28":{"start":{"line":92,"column":15},"end":{"line":92,"column":27}},"29":{"start":{"line":94,"column":15},"end":{"line":101,"column":3}},"30":{"start":{"line":103,"column":2},"end":{"line":107,"column":35}},"31":{"start":{"line":105,"column":6},"end":{"line":105,"column":33}},"32":{"start":{"line":107,"column":22},"end":{"line":107,"column":33}}},"fnMap":{"0":{"name":"(anonymous_0)","decl":{"start":{"line":12,"column":29},"end":{"line":12,"column":30}},"loc":{"start":{"line":12,"column":58},"end":{"line":15,"column":1}},"line":12},"1":{"name":"(anonymous_1)","decl":{"start":{"line":25,"column":29},"end":{"line":25,"column":30}},"loc":{"start":{"line":25,"column":58},"end":{"line":32,"column":1}},"line":25},"2":{"name":"(anonymous_2)","decl":{"start":{"line":44,"column":28},"end":{"line":44,"column":29}},"loc":{"start":{"line":44,"column":57},"end":{"line":67,"column":1}},"line":44},"3":{"name":"(anonymous_3)","decl":{"start":{"line":76,"column":32},"end":{"line":76,"column":33}},"loc":{"start":{"line":76,"column":61},"end":{"line":81,"column":1}},"line":76},"4":{"name":"(anonymous_4)","decl":{"start":{"line":91,"column":32},"end":{"line":91,"column":33}},"loc":{"start":{"line":91,"column":61},"end":{"line":108,"column":1}},"line":91},"5":{"name":"(anonymous_5)","decl":{"start":{"line":104,"column":10},"end":{"line":104,"column":11}},"loc":{"start":{"line":104,"column":27},"end":{"line":106,"column":5}},"line":104},"6":{"name":"(anonymous_6)","decl":{"start":{"line":107,"column":11},"end":{"line":107,"column":12}},"loc":{"start":{"line":107,"column":22},"end":{"line":107,"column":33}},"line":107}},"branchMap":{"0":{"loc":{"start":{"line":27,"column":2},"end":{"line":31,"column":3}},"type":"if","locations":[{"start":{"line":27,"column":2},"end":{"line":31,"column":3}},{"start":{"line":29,"column":9},"end":{"line":31,"column":3}}],"line":27},"1":{"loc":{"start":{"line":49,"column":2},"end":{"line":66,"column":3}},"type":"if","locations":[{"start":{"line":49,"column":2},"end":{"line":66,"column":3}},{"start":{"line":63,"column":9},"end":{"line":66,"column":3}}],"line":49},"2":{"loc":{"start":{"line":52,"column":13},"end":{"line":52,"column":29}},"type":"binary-expr","locations":[{"start":{"line":52,"column":13},"end":{"line":52,"column":18}},{"start":{"line":52,"column":22},"end":{"line":52,"column":29}}],"line":52},"3":{"loc":{"start":{"line":53,"column":15},"end":{"line":53,"column":35}},"type":"binary-expr","locations":[{"start":{"line":53,"column":15},"end":{"line":53,"column":22}},{"start":{"line":53,"column":26},"end":{"line":53,"column":35}}],"line":53}},"s":{"0":2,"1":2,"2":2,"3":3,"4":3,"5":2,"6":1,"7":1,"8":1,"9":0,"10":2,"11":0,"12":0,"13":0,"14":0,"15":0,"16":0,"17":0,"18":0,"19":0,"20":0,"21":0,"22":2,"23":1,"24":1,"25":1,"26":1,"27":2,"28":1,"29":1,"30":1,"31":1,"32":0},"f":{"0":3,"1":1,"2":0,"3":1,"4":1,"5":1,"6":0},"b":{"0":[1,0],"1":[0,0],"2":[0,0],"3":[0,0]},"_coverageSchema":"1a1c01bbd47fc00a2c39e90264f33305004495a9","hash":"a565f0a6924e4169e8e98ee947bca2597b5fc58a"}
,"C:\\Users\\Administrateur\\Desktop\\Ada\\FilRougeM2i\\src\\controllers\\document.controller.js": {"path":"C:\\Users\\Administrateur\\Desktop\\Ada\\FilRougeM2i\\src\\controllers\\document.controller.js","statementMap":{"0":{"start":{"line":1,"column":17},"end":{"line":1,"column":52}},"1":{"start":{"line":2,"column":13},"end":{"line":2,"column":44}},"2":{"start":{"line":11,"column":0},"end":{"line":14,"column":2}},"3":{"start":{"line":12,"column":20},"end":{"line":12,"column":59}},"4":{"start":{"line":13,"column":2},"end":{"line":13,"column":27}},"5":{"start":{"line":24,"column":0},"end":{"line":31,"column":2}},"6":{"start":{"line":25,"column":19},"end":{"line":25,"column":79}},"7":{"start":{"line":26,"column":2},"end":{"line":30,"column":3}},"8":{"start":{"line":27,"column":4},"end":{"line":27,"column":28}},"9":{"start":{"line":29,"column":4},"end":{"line":29,"column":31}},"10":{"start":{"line":43,"column":0},"end":{"line":55,"column":2}},"11":{"start":{"line":44,"column":15},"end":{"line":44,"column":27}},"12":{"start":{"line":45,"column":2},"end":{"line":45,"column":20}},"13":{"start":{"line":47,"column":19},"end":{"line":50,"column":4}},"14":{"start":{"line":52,"column":24},"end":{"line":52,"column":45}},"15":{"start":{"line":54,"column":2},"end":{"line":54,"column":43}},"16":{"start":{"line":65,"column":0},"end":{"line":69,"column":2}},"17":{"start":{"line":66,"column":17},"end":{"line":66,"column":34}},"18":{"start":{"line":67,"column":2},"end":{"line":67,"column":43}},"19":{"start":{"line":68,"column":2},"end":{"line":68,"column":60}},"20":{"start":{"line":79,"column":0},"end":{"line":93,"column":2}},"21":{"start":{"line":80,"column":15},"end":{"line":80,"column":27}},"22":{"start":{"line":82,"column":19},"end":{"line":86,"column":3}},"23":{"start":{"line":88,"column":2},"end":{"line":92,"column":35}},"24":{"start":{"line":90,"column":6},"end":{"line":90,"column":37}},"25":{"start":{"line":92,"column":22},"end":{"line":92,"column":33}}},"fnMap":{"0":{"name":"(anonymous_0)","decl":{"start":{"line":11,"column":33},"end":{"line":11,"column":34}},"loc":{"start":{"line":11,"column":62},"end":{"line":14,"column":1}},"line":11},"1":{"name":"(anonymous_1)","decl":{"start":{"line":24,"column":33},"end":{"line":24,"column":34}},"loc":{"start":{"line":24,"column":62},"end":{"line":31,"column":1}},"line":24},"2":{"name":"(anonymous_2)","decl":{"start":{"line":43,"column":32},"end":{"line":43,"column":33}},"loc":{"start":{"line":43,"column":61},"end":{"line":55,"column":1}},"line":43},"3":{"name":"(anonymous_3)","decl":{"start":{"line":65,"column":36},"end":{"line":65,"column":37}},"loc":{"start":{"line":65,"column":65},"end":{"line":69,"column":1}},"line":65},"4":{"name":"(anonymous_4)","decl":{"start":{"line":79,"column":36},"end":{"line":79,"column":37}},"loc":{"start":{"line":79,"column":65},"end":{"line":93,"column":1}},"line":79},"5":{"name":"(anonymous_5)","decl":{"start":{"line":89,"column":10},"end":{"line":89,"column":11}},"loc":{"start":{"line":89,"column":31},"end":{"line":91,"column":5}},"line":89},"6":{"name":"(anonymous_6)","decl":{"start":{"line":92,"column":11},"end":{"line":92,"column":12}},"loc":{"start":{"line":92,"column":22},"end":{"line":92,"column":33}},"line":92}},"branchMap":{"0":{"loc":{"start":{"line":26,"column":2},"end":{"line":30,"column":3}},"type":"if","locations":[{"start":{"line":26,"column":2},"end":{"line":30,"column":3}},{"start":{"line":28,"column":9},"end":{"line":30,"column":3}}],"line":26},"1":{"loc":{"start":{"line":48,"column":11},"end":{"line":48,"column":27}},"type":"binary-expr","locations":[{"start":{"line":48,"column":11},"end":{"line":48,"column":21}},{"start":{"line":48,"column":25},"end":{"line":48,"column":27}}],"line":48}},"s":{"0":2,"1":2,"2":2,"3":4,"4":4,"5":2,"6":1,"7":1,"8":1,"9":0,"10":2,"11":1,"12":1,"13":1,"14":1,"15":1,"16":2,"17":1,"18":1,"19":1,"20":2,"21":3,"22":3,"23":3,"24":3,"25":0},"f":{"0":4,"1":1,"2":1,"3":1,"4":3,"5":3,"6":0},"b":{"0":[1,0],"1":[1,0]},"_coverageSchema":"1a1c01bbd47fc00a2c39e90264f33305004495a9","hash":"7aa2156f9bb0ca3bc5bc5e09370b1b79a65d377f"}
,"C:\\Users\\Administrateur\\Desktop\\Ada\\FilRougeM2i\\src\\controllers\\user.controller.js": {"path":"C:\\Users\\Administrateur\\Desktop\\Ada\\FilRougeM2i\\src\\controllers\\user.controller.js","statementMap":{"0":{"start":{"line":1,"column":30},"end":{"line":1,"column":49}},"1":{"start":{"line":2,"column":18},"end":{"line":2,"column":49}},"2":{"start":{"line":3,"column":17},"end":{"line":3,"column":51}},"3":{"start":{"line":15,"column":0},"end":{"line":29,"column":2}},"4":{"start":{"line":16,"column":61},"end":{"line":16,"column":69}},"5":{"start":{"line":17,"column":2},"end":{"line":28,"column":3}},"6":{"start":{"line":18,"column":17},"end":{"line":24,"column":6}},"7":{"start":{"line":25,"column":4},"end":{"line":25,"column":45}},"8":{"start":{"line":27,"column":4},"end":{"line":27,"column":34}},"9":{"start":{"line":40,"column":0},"end":{"line":43,"column":2}},"10":{"start":{"line":41,"column":16},"end":{"line":41,"column":58}},"11":{"start":{"line":42,"column":2},"end":{"line":42,"column":30}},"12":{"start":{"line":54,"column":0},"end":{"line":65,"column":2}},"13":{"start":{"line":55,"column":2},"end":{"line":57,"column":3}},"14":{"start":{"line":56,"column":4},"end":{"line":56,"column":64}},"15":{"start":{"line":58,"column":2},"end":{"line":64,"column":25}},"16":{"start":{"line":59,"column":4},"end":{"line":63,"column":5}},"17":{"start":{"line":60,"column":6},"end":{"line":60,"column":21}},"18":{"start":{"line":62,"column":6},"end":{"line":62,"column":40}},"19":{"start":{"line":76,"column":0},"end":{"line":104,"column":2}},"20":{"start":{"line":77,"column":2},"end":{"line":103,"column":5}},"21":{"start":{"line":78,"column":4},"end":{"line":102,"column":5}},"22":{"start":{"line":79,"column":6},"end":{"line":79,"column":64}},"23":{"start":{"line":81,"column":6},"end":{"line":101,"column":7}},"24":{"start":{"line":82,"column":8},"end":{"line":98,"column":10}},"25":{"start":{"line":95,"column":12},"end":{"line":96,"column":63}},"26":{"start":{"line":95,"column":22},"end":{"line":95,"column":44}},"27":{"start":{"line":96,"column":17},"end":{"line":96,"column":63}},"28":{"start":{"line":100,"column":8},"end":{"line":100,"column":54}},"29":{"start":{"line":114,"column":0},"end":{"line":130,"column":2}},"30":{"start":{"line":115,"column":17},"end":{"line":115,"column":30}},"31":{"start":{"line":116,"column":2},"end":{"line":129,"column":5}},"32":{"start":{"line":117,"column":4},"end":{"line":128,"column":5}},"33":{"start":{"line":118,"column":6},"end":{"line":118,"column":57}},"34":{"start":{"line":120,"column":6},"end":{"line":127,"column":7}},"35":{"start":{"line":121,"column":8},"end":{"line":121,"column":58}},"36":{"start":{"line":122,"column":8},"end":{"line":124,"column":65}},"37":{"start":{"line":126,"column":8},"end":{"line":126,"column":54}}},"fnMap":{"0":{"name":"(anonymous_0)","decl":{"start":{"line":15,"column":28},"end":{"line":15,"column":29}},"loc":{"start":{"line":15,"column":48},"end":{"line":29,"column":1}},"line":15},"1":{"name":"(anonymous_1)","decl":{"start":{"line":40,"column":29},"end":{"line":40,"column":30}},"loc":{"start":{"line":40,"column":49},"end":{"line":43,"column":1}},"line":40},"2":{"name":"(anonymous_2)","decl":{"start":{"line":54,"column":29},"end":{"line":54,"column":30}},"loc":{"start":{"line":54,"column":43},"end":{"line":65,"column":1}},"line":54},"3":{"name":"(anonymous_3)","decl":{"start":{"line":58,"column":36},"end":{"line":58,"column":37}},"loc":{"start":{"line":58,"column":51},"end":{"line":64,"column":3}},"line":58},"4":{"name":"(anonymous_4)","decl":{"start":{"line":76,"column":32},"end":{"line":76,"column":33}},"loc":{"start":{"line":76,"column":52},"end":{"line":104,"column":1}},"line":76},"5":{"name":"(anonymous_5)","decl":{"start":{"line":77,"column":43},"end":{"line":77,"column":44}},"loc":{"start":{"line":77,"column":63},"end":{"line":103,"column":3}},"line":77},"6":{"name":"(anonymous_6)","decl":{"start":{"line":94,"column":10},"end":{"line":94,"column":11}},"loc":{"start":{"line":94,"column":25},"end":{"line":97,"column":11}},"line":94},"7":{"name":"(anonymous_7)","decl":{"start":{"line":114,"column":32},"end":{"line":114,"column":33}},"loc":{"start":{"line":114,"column":52},"end":{"line":130,"column":1}},"line":114},"8":{"name":"(anonymous_8)","decl":{"start":{"line":116,"column":36},"end":{"line":116,"column":37}},"loc":{"start":{"line":116,"column":56},"end":{"line":129,"column":3}},"line":116}},"branchMap":{"0":{"loc":{"start":{"line":55,"column":2},"end":{"line":57,"column":3}},"type":"if","locations":[{"start":{"line":55,"column":2},"end":{"line":57,"column":3}},{"start":{},"end":{}}],"line":55},"1":{"loc":{"start":{"line":59,"column":4},"end":{"line":63,"column":5}},"type":"if","locations":[{"start":{"line":59,"column":4},"end":{"line":63,"column":5}},{"start":{"line":61,"column":11},"end":{"line":63,"column":5}}],"line":59},"2":{"loc":{"start":{"line":78,"column":4},"end":{"line":102,"column":5}},"type":"if","locations":[{"start":{"line":78,"column":4},"end":{"line":102,"column":5}},{"start":{"line":80,"column":11},"end":{"line":102,"column":5}}],"line":78},"3":{"loc":{"start":{"line":95,"column":12},"end":{"line":96,"column":63}},"type":"if","locations":[{"start":{"line":95,"column":12},"end":{"line":96,"column":63}},{"start":{"line":96,"column":17},"end":{"line":96,"column":63}}],"line":95},"4":{"loc":{"start":{"line":117,"column":4},"end":{"line":128,"column":5}},"type":"if","locations":[{"start":{"line":117,"column":4},"end":{"line":128,"column":5}},{"start":{"line":119,"column":11},"end":{"line":128,"column":5}}],"line":117}},"s":{"0":2,"1":2,"2":2,"3":2,"4":0,"5":0,"6":0,"7":0,"8":0,"9":2,"10":0,"11":0,"12":2,"13":0,"14":0,"15":0,"16":0,"17":0,"18":0,"19":2,"20":0,"21":0,"22":0,"23":0,"24":0,"25":0,"26":0,"27":0,"28":0,"29":2,"30":0,"31":0,"32":0,"33":0,"34":0,"35":0,"36":0,"37":0},"f":{"0":0,"1":0,"2":0,"3":0,"4":0,"5":0,"6":0,"7":0,"8":0},"b":{"0":[0,0],"1":[0,0],"2":[0,0],"3":[0,0],"4":[0,0]},"_coverageSchema":"1a1c01bbd47fc00a2c39e90264f33305004495a9","hash":"a56a0a49545b8ca8de00bc139bed5d41623eda26"}
,"C:\\Users\\Administrateur\\Desktop\\Ada\\FilRougeM2i\\src\\middlewares\\middlewares.js": {"path":"C:\\Users\\Administrateur\\Desktop\\Ada\\FilRougeM2i\\src\\middlewares\\middlewares.js","statementMap":{"0":{"start":{"line":1,"column":15},"end":{"line":1,"column":41}},"1":{"start":{"line":3,"column":0},"end":{"line":9,"column":2}},"2":{"start":{"line":4,"column":2},"end":{"line":4,"column":41}},"3":{"start":{"line":5,"column":2},"end":{"line":5,"column":39}},"4":{"start":{"line":6,"column":2},"end":{"line":6,"column":39}},"5":{"start":{"line":7,"column":2},"end":{"line":7,"column":21}},"6":{"start":{"line":8,"column":2},"end":{"line":8,"column":9}},"7":{"start":{"line":11,"column":0},"end":{"line":13,"column":2}},"8":{"start":{"line":12,"column":2},"end":{"line":12,"column":59}},"9":{"start":{"line":15,"column":0},"end":{"line":25,"column":2}},"10":{"start":{"line":16,"column":2},"end":{"line":16,"column":30}},"11":{"start":{"line":18,"column":2},"end":{"line":22,"column":3}},"12":{"start":{"line":19,"column":4},"end":{"line":19,"column":67}},"13":{"start":{"line":20,"column":9},"end":{"line":22,"column":3}},"14":{"start":{"line":21,"column":4},"end":{"line":21,"column":63}},"15":{"start":{"line":24,"column":2},"end":{"line":24,"column":14}}},"fnMap":{"0":{"name":"(anonymous_0)","decl":{"start":{"line":3,"column":31},"end":{"line":3,"column":32}},"loc":{"start":{"line":3,"column":60},"end":{"line":9,"column":1}},"line":3},"1":{"name":"(anonymous_1)","decl":{"start":{"line":11,"column":33},"end":{"line":11,"column":34}},"loc":{"start":{"line":11,"column":56},"end":{"line":13,"column":1}},"line":11},"2":{"name":"(anonymous_2)","decl":{"start":{"line":15,"column":30},"end":{"line":15,"column":31}},"loc":{"start":{"line":15,"column":66},"end":{"line":25,"column":1}},"line":15}},"branchMap":{"0":{"loc":{"start":{"line":18,"column":2},"end":{"line":22,"column":3}},"type":"if","locations":[{"start":{"line":18,"column":2},"end":{"line":22,"column":3}},{"start":{"line":20,"column":9},"end":{"line":22,"column":3}}],"line":18},"1":{"loc":{"start":{"line":18,"column":6},"end":{"line":18,"column":61}},"type":"binary-expr","locations":[{"start":{"line":18,"column":6},"end":{"line":18,"column":32}},{"start":{"line":18,"column":36},"end":{"line":18,"column":61}}],"line":18},"2":{"loc":{"start":{"line":20,"column":9},"end":{"line":22,"column":3}},"type":"if","locations":[{"start":{"line":20,"column":9},"end":{"line":22,"column":3}},{"start":{},"end":{}}],"line":20}},"s":{"0":2,"1":2,"2":0,"3":0,"4":0,"5":0,"6":0,"7":2,"8":0,"9":2,"10":0,"11":0,"12":0,"13":0,"14":0,"15":0},"f":{"0":0,"1":0,"2":0},"b":{"0":[0,0],"1":[0,0],"2":[0,0]},"_coverageSchema":"1a1c01bbd47fc00a2c39e90264f33305004495a9","hash":"7fec6af02494dc9028a8fac643c97023ade5fb66"}
,"C:\\Users\\Administrateur\\Desktop\\Ada\\FilRougeM2i\\src\\models\\card.model.js": {"path":"C:\\Users\\Administrateur\\Desktop\\Ada\\FilRougeM2i\\src\\models\\card.model.js","statementMap":{"0":{"start":{"line":1,"column":17},"end":{"line":1,"column":36}},"1":{"start":{"line":3,"column":19},"end":{"line":19,"column":1}},"2":{"start":{"line":21,"column":0},"end":{"line":27,"column":3}},"3":{"start":{"line":23,"column":4},"end":{"line":23,"column":54}},"4":{"start":{"line":24,"column":4},"end":{"line":24,"column":30}},"5":{"start":{"line":25,"column":4},"end":{"line":25,"column":30}},"6":{"start":{"line":29,"column":0},"end":{"line":29,"column":52}}},"fnMap":{"0":{"name":"(anonymous_0)","decl":{"start":{"line":22,"column":13},"end":{"line":22,"column":14}},"loc":{"start":{"line":22,"column":43},"end":{"line":26,"column":3}},"line":22}},"branchMap":{},"s":{"0":2,"1":2,"2":2,"3":22,"4":22,"5":22,"6":2},"f":{"0":22},"b":{},"_coverageSchema":"1a1c01bbd47fc00a2c39e90264f33305004495a9","hash":"ea58f2eb8d12ae816a82ceba05e9b9b55b37d450"}
,"C:\\Users\\Administrateur\\Desktop\\Ada\\FilRougeM2i\\src\\models\\document.model.js": {"path":"C:\\Users\\Administrateur\\Desktop\\Ada\\FilRougeM2i\\src\\models\\document.model.js","statementMap":{"0":{"start":{"line":1,"column":17},"end":{"line":1,"column":36}},"1":{"start":{"line":3,"column":23},"end":{"line":17,"column":2}},"2":{"start":{"line":19,"column":0},"end":{"line":25,"column":3}},"3":{"start":{"line":21,"column":4},"end":{"line":21,"column":54}},"4":{"start":{"line":22,"column":4},"end":{"line":22,"column":30}},"5":{"start":{"line":23,"column":4},"end":{"line":23,"column":30}},"6":{"start":{"line":27,"column":0},"end":{"line":27,"column":60}}},"fnMap":{"0":{"name":"(anonymous_0)","decl":{"start":{"line":20,"column":13},"end":{"line":20,"column":14}},"loc":{"start":{"line":20,"column":43},"end":{"line":24,"column":3}},"line":20}},"branchMap":{},"s":{"0":2,"1":2,"2":2,"3":27,"4":27,"5":27,"6":2},"f":{"0":27},"b":{},"_coverageSchema":"1a1c01bbd47fc00a2c39e90264f33305004495a9","hash":"09c22284103e5dd40a7cb2ea59ff28d773175d6b"}
,"C:\\Users\\Administrateur\\Desktop\\Ada\\FilRougeM2i\\src\\models\\user.model.js": {"path":"C:\\Users\\Administrateur\\Desktop\\Ada\\FilRougeM2i\\src\\models\\user.model.js","statementMap":{"0":{"start":{"line":1,"column":17},"end":{"line":1,"column":36}},"1":{"start":{"line":2,"column":20},"end":{"line":2,"column":40}},"2":{"start":{"line":3,"column":15},"end":{"line":3,"column":32}},"3":{"start":{"line":5,"column":19},"end":{"line":47,"column":1}},"4":{"start":{"line":49,"column":0},"end":{"line":53,"column":3}},"5":{"start":{"line":50,"column":15},"end":{"line":50,"column":37}},"6":{"start":{"line":51,"column":2},"end":{"line":51,"column":57}},"7":{"start":{"line":52,"column":2},"end":{"line":52,"column":9}},"8":{"start":{"line":55,"column":18},"end":{"line":55,"column":52}},"9":{"start":{"line":56,"column":0},"end":{"line":56,"column":27}}},"fnMap":{"0":{"name":"(anonymous_0)","decl":{"start":{"line":49,"column":23},"end":{"line":49,"column":24}},"loc":{"start":{"line":49,"column":45},"end":{"line":53,"column":1}},"line":49}},"branchMap":{},"s":{"0":2,"1":2,"2":2,"3":2,"4":2,"5":0,"6":0,"7":0,"8":2,"9":2},"f":{"0":0},"b":{},"_coverageSchema":"1a1c01bbd47fc00a2c39e90264f33305004495a9","hash":"4736faeffe5a0cec1ac425e75051588a18d83784"}
,"C:\\Users\\Administrateur\\Desktop\\Ada\\FilRougeM2i\\src\\routes\\card.routes.js": {"path":"C:\\Users\\Administrateur\\Desktop\\Ada\\FilRougeM2i\\src\\routes\\card.routes.js","statementMap":{"0":{"start":{"line":1,"column":19},"end":{"line":1,"column":46}},"1":{"start":{"line":2,"column":23},"end":{"line":2,"column":64}},"2":{"start":{"line":4,"column":0},"end":{"line":4,"column":48}},"3":{"start":{"line":5,"column":0},"end":{"line":5,"column":51}},"4":{"start":{"line":6,"column":0},"end":{"line":6,"column":48}},"5":{"start":{"line":7,"column":0},"end":{"line":7,"column":54}},"6":{"start":{"line":8,"column":0},"end":{"line":8,"column":57}},"7":{"start":{"line":10,"column":0},"end":{"line":10,"column":28}}},"fnMap":{},"branchMap":{},"s":{"0":2,"1":2,"2":2,"3":2,"4":2,"5":2,"6":2,"7":2},"f":{},"b":{},"_coverageSchema":"1a1c01bbd47fc00a2c39e90264f33305004495a9","hash":"c8675552d7e4279abbf9cb526318924cf7b314c1"}
,"C:\\Users\\Administrateur\\Desktop\\Ada\\FilRougeM2i\\src\\routes\\document.routes.js": {"path":"C:\\Users\\Administrateur\\Desktop\\Ada\\FilRougeM2i\\src\\routes\\document.routes.js","statementMap":{"0":{"start":{"line":1,"column":23},"end":{"line":1,"column":50}},"1":{"start":{"line":2,"column":27},"end":{"line":2,"column":72}},"2":{"start":{"line":4,"column":0},"end":{"line":4,"column":60}},"3":{"start":{"line":5,"column":0},"end":{"line":5,"column":63}},"4":{"start":{"line":6,"column":0},"end":{"line":6,"column":60}},"5":{"start":{"line":7,"column":0},"end":{"line":7,"column":66}},"6":{"start":{"line":8,"column":0},"end":{"line":8,"column":69}},"7":{"start":{"line":10,"column":0},"end":{"line":10,"column":32}}},"fnMap":{},"branchMap":{},"s":{"0":2,"1":2,"2":2,"3":2,"4":2,"5":2,"6":2,"7":2},"f":{},"b":{},"_coverageSchema":"1a1c01bbd47fc00a2c39e90264f33305004495a9","hash":"91458fc243e1cc5c6acac7d562e5c17c0e178ffa"}
,"C:\\Users\\Administrateur\\Desktop\\Ada\\FilRougeM2i\\src\\routes\\user.routes.js": {"path":"C:\\Users\\Administrateur\\Desktop\\Ada\\FilRougeM2i\\src\\routes\\user.routes.js","statementMap":{"0":{"start":{"line":1,"column":19},"end":{"line":1,"column":46}},"1":{"start":{"line":2,"column":23},"end":{"line":2,"column":64}},"2":{"start":{"line":4,"column":0},"end":{"line":4,"column":48}},"3":{"start":{"line":5,"column":0},"end":{"line":5,"column":48}},"4":{"start":{"line":6,"column":0},"end":{"line":6,"column":51}},"5":{"start":{"line":7,"column":0},"end":{"line":7,"column":54}},"6":{"start":{"line":8,"column":0},"end":{"line":8,"column":57}},"7":{"start":{"line":10,"column":0},"end":{"line":10,"column":28}}},"fnMap":{},"branchMap":{},"s":{"0":2,"1":2,"2":2,"3":2,"4":2,"5":2,"6":2,"7":2},"f":{},"b":{},"_coverageSchema":"1a1c01bbd47fc00a2c39e90264f33305004495a9","hash":"b191319abf2149020b787e554a66338142bc0fcb"}
,"C:\\Users\\Administrateur\\Desktop\\Ada\\FilRougeM2i\\src\\utils\\logger.js": {"path":"C:\\Users\\Administrateur\\Desktop\\Ada\\FilRougeM2i\\src\\utils\\logger.js","statementMap":{"0":{"start":{"line":1,"column":0},"end":{"line":5,"column":2}},"1":{"start":{"line":2,"column":2},"end":{"line":4,"column":3}},"2":{"start":{"line":3,"column":4},"end":{"line":3,"column":27}},"3":{"start":{"line":7,"column":0},"end":{"line":11,"column":2}},"4":{"start":{"line":8,"column":2},"end":{"line":10,"column":3}},"5":{"start":{"line":9,"column":4},"end":{"line":9,"column":29}}},"fnMap":{"0":{"name":"(anonymous_0)","decl":{"start":{"line":1,"column":22},"end":{"line":1,"column":23}},"loc":{"start":{"line":1,"column":37},"end":{"line":5,"column":1}},"line":1},"1":{"name":"(anonymous_1)","decl":{"start":{"line":7,"column":23},"end":{"line":7,"column":24}},"loc":{"start":{"line":7,"column":38},"end":{"line":11,"column":1}},"line":7}},"branchMap":{"0":{"loc":{"start":{"line":2,"column":2},"end":{"line":4,"column":3}},"type":"if","locations":[{"start":{"line":2,"column":2},"end":{"line":4,"column":3}},{"start":{},"end":{}}],"line":2},"1":{"loc":{"start":{"line":8,"column":2},"end":{"line":10,"column":3}},"type":"if","locations":[{"start":{"line":8,"column":2},"end":{"line":10,"column":3}},{"start":{},"end":{}}],"line":8}},"s":{"0":2,"1":4,"2":0,"3":2,"4":0,"5":0},"f":{"0":4,"1":0},"b":{"0":[0,4],"1":[0,0]},"_coverageSchema":"1a1c01bbd47fc00a2c39e90264f33305004495a9","hash":"d6e37faf13a34b2c6a1b351d0b3ab75c3dc766c3"}
,"C:\\Users\\Administrateur\\Desktop\\Ada\\FilRougeM2i\\tests\\test_helper.js": {"path":"C:\\Users\\Administrateur\\Desktop\\Ada\\FilRougeM2i\\tests\\test_helper.js","statementMap":{"0":{"start":{"line":1,"column":13},"end":{"line":1,"column":48}},"1":{"start":{"line":2,"column":17},"end":{"line":2,"column":56}},"2":{"start":{"line":4,"column":21},"end":{"line":17,"column":1}},"3":{"start":{"line":19,"column":20},"end":{"line":26,"column":1}},"4":{"start":{"line":28,"column":26},"end":{"line":34,"column":1}},"5":{"start":{"line":29,"column":15},"end":{"line":29,"column":76}},"6":{"start":{"line":30,"column":2},"end":{"line":30,"column":19}},"7":{"start":{"line":31,"column":2},"end":{"line":31,"column":21}},"8":{"start":{"line":33,"column":2},"end":{"line":33,"column":28}},"9":{"start":{"line":36,"column":25},"end":{"line":42,"column":3}},"10":{"start":{"line":37,"column":16},"end":{"line":37,"column":81}},"11":{"start":{"line":38,"column":4},"end":{"line":38,"column":20}},"12":{"start":{"line":39,"column":4},"end":{"line":39,"column":22}},"13":{"start":{"line":41,"column":4},"end":{"line":41,"column":29}},"14":{"start":{"line":44,"column":18},"end":{"line":47,"column":1}},"15":{"start":{"line":45,"column":16},"end":{"line":45,"column":35}},"16":{"start":{"line":46,"column":2},"end":{"line":46,"column":41}},"17":{"start":{"line":46,"column":27},"end":{"line":46,"column":40}},"18":{"start":{"line":49,"column":17},"end":{"line":52,"column":1}},"19":{"start":{"line":50,"column":15},"end":{"line":50,"column":38}},"20":{"start":{"line":51,"column":2},"end":{"line":51,"column":38}},"21":{"start":{"line":51,"column":25},"end":{"line":51,"column":37}},"22":{"start":{"line":54,"column":0},"end":{"line":56,"column":1}}},"fnMap":{"0":{"name":"(anonymous_0)","decl":{"start":{"line":28,"column":26},"end":{"line":28,"column":27}},"loc":{"start":{"line":28,"column":38},"end":{"line":34,"column":1}},"line":28},"1":{"name":"(anonymous_1)","decl":{"start":{"line":36,"column":25},"end":{"line":36,"column":26}},"loc":{"start":{"line":36,"column":37},"end":{"line":42,"column":3}},"line":36},"2":{"name":"(anonymous_2)","decl":{"start":{"line":44,"column":18},"end":{"line":44,"column":19}},"loc":{"start":{"line":44,"column":30},"end":{"line":47,"column":1}},"line":44},"3":{"name":"(anonymous_3)","decl":{"start":{"line":46,"column":19},"end":{"line":46,"column":20}},"loc":{"start":{"line":46,"column":27},"end":{"line":46,"column":40}},"line":46},"4":{"name":"(anonymous_4)","decl":{"start":{"line":49,"column":17},"end":{"line":49,"column":18}},"loc":{"start":{"line":49,"column":29},"end":{"line":52,"column":1}},"line":49},"5":{"name":"(anonymous_5)","decl":{"start":{"line":51,"column":18},"end":{"line":51,"column":19}},"loc":{"start":{"line":51,"column":25},"end":{"line":51,"column":37}},"line":51}},"branchMap":{},"s":{"0":2,"1":2,"2":2,"3":2,"4":2,"5":0,"6":0,"7":0,"8":0,"9":2,"10":0,"11":0,"12":0,"13":0,"14":2,"15":4,"16":4,"17":11,"18":2,"19":7,"20":7,"21":13,"22":2},"f":{"0":0,"1":0,"2":4,"3":11,"4":7,"5":13},"b":{},"_coverageSchema":"1a1c01bbd47fc00a2c39e90264f33305004495a9","hash":"cfbcf93b13806eaaa6778915934fce069c393f00"}
}
