TN:
SF:src\config\app.js
FN:23,(anonymous_0)
FN:26,(anonymous_1)
FNF:2
FNH:1
FNDA:2,(anonymous_0)
FNDA:0,(anonymous_1)
DA:1,2
DA:2,2
DA:3,2
DA:4,2
DA:6,2
DA:7,2
DA:8,2
DA:10,2
DA:11,2
DA:12,2
DA:14,2
DA:16,2
DA:18,2
DA:24,2
DA:27,0
DA:31,2
DA:32,2
DA:34,2
DA:35,2
DA:36,2
DA:38,2
DA:39,2
DA:40,2
DA:42,2
LF:24
LH:23
BRF:0
BRH:0
end_of_record
TN:
SF:src\config\config.js
FNF:0
FNH:0
DA:1,2
DA:3,2
DA:5,2
DA:9,2
LF:4
LH:4
BRDA:5,0,0,2
BRDA:5,0,1,0
BRF:2
BRH:1
end_of_record
TN:
SF:src\controllers\card.controller.js
FN:12,(anonymous_0)
FN:25,(anonymous_1)
FN:44,(anonymous_2)
FN:76,(anonymous_3)
FN:91,(anonymous_4)
FN:104,(anonymous_5)
FN:107,(anonymous_6)
FNF:7
FNH:5
FNDA:3,(anonymous_0)
FNDA:1,(anonymous_1)
FNDA:0,(anonymous_2)
FNDA:1,(anonymous_3)
FNDA:1,(anonymous_4)
FNDA:1,(anonymous_5)
FNDA:0,(anonymous_6)
DA:1,2
DA:2,2
DA:12,2
DA:13,3
DA:14,3
DA:25,2
DA:26,1
DA:27,1
DA:28,1
DA:30,0
DA:44,2
DA:45,0
DA:47,0
DA:49,0
DA:50,0
DA:51,0
DA:57,0
DA:59,0
DA:60,0
DA:62,0
DA:64,0
DA:65,0
DA:76,2
DA:77,1
DA:78,1
DA:79,1
DA:80,1
DA:91,2
DA:92,1
DA:94,1
DA:103,1
DA:105,1
DA:107,0
LF:33
LH:20
BRDA:27,0,0,1
BRDA:27,0,1,0
BRDA:49,1,0,0
BRDA:49,1,1,0
BRDA:52,2,0,0
BRDA:52,2,1,0
BRDA:53,3,0,0
BRDA:53,3,1,0
BRF:8
BRH:1
end_of_record
TN:
SF:src\controllers\document.controller.js
FN:11,(anonymous_0)
FN:24,(anonymous_1)
FN:43,(anonymous_2)
FN:65,(anonymous_3)
FN:79,(anonymous_4)
FN:89,(anonymous_5)
FN:92,(anonymous_6)
FNF:7
FNH:6
FNDA:4,(anonymous_0)
FNDA:1,(anonymous_1)
FNDA:1,(anonymous_2)
FNDA:1,(anonymous_3)
FNDA:3,(anonymous_4)
FNDA:3,(anonymous_5)
FNDA:0,(anonymous_6)
DA:1,2
DA:2,2
DA:11,2
DA:12,4
DA:13,4
DA:24,2
DA:25,1
DA:26,1
DA:27,1
DA:29,0
DA:43,2
DA:44,1
DA:45,1
DA:47,1
DA:52,1
DA:54,1
DA:65,2
DA:66,1
DA:67,1
DA:68,1
DA:79,2
DA:80,3
DA:82,3
DA:88,3
DA:90,3
DA:92,0
LF:26
LH:24
BRDA:26,0,0,1
BRDA:26,0,1,0
BRDA:48,1,0,1
BRDA:48,1,1,0
BRF:4
BRH:2
end_of_record
TN:
SF:src\controllers\user.controller.js
FN:15,(anonymous_0)
FN:40,(anonymous_1)
FN:54,(anonymous_2)
FN:58,(anonymous_3)
FN:76,(anonymous_4)
FN:77,(anonymous_5)
FN:94,(anonymous_6)
FN:114,(anonymous_7)
FN:116,(anonymous_8)
FNF:9
FNH:0
FNDA:0,(anonymous_0)
FNDA:0,(anonymous_1)
FNDA:0,(anonymous_2)
FNDA:0,(anonymous_3)
FNDA:0,(anonymous_4)
FNDA:0,(anonymous_5)
FNDA:0,(anonymous_6)
FNDA:0,(anonymous_7)
FNDA:0,(anonymous_8)
DA:1,2
DA:2,2
DA:3,2
DA:15,2
DA:16,0
DA:17,0
DA:18,0
DA:25,0
DA:27,0
DA:40,2
DA:41,0
DA:42,0
DA:54,2
DA:55,0
DA:56,0
DA:58,0
DA:59,0
DA:60,0
DA:62,0
DA:76,2
DA:77,0
DA:78,0
DA:79,0
DA:81,0
DA:82,0
DA:95,0
DA:96,0
DA:100,0
DA:114,2
DA:115,0
DA:116,0
DA:117,0
DA:118,0
DA:120,0
DA:121,0
DA:122,0
DA:126,0
LF:37
LH:8
BRDA:55,0,0,0
BRDA:55,0,1,0
BRDA:59,1,0,0
BRDA:59,1,1,0
BRDA:78,2,0,0
BRDA:78,2,1,0
BRDA:95,3,0,0
BRDA:95,3,1,0
BRDA:117,4,0,0
BRDA:117,4,1,0
BRF:10
BRH:0
end_of_record
TN:
SF:src\middlewares\middlewares.js
FN:3,(anonymous_0)
FN:11,(anonymous_1)
FN:15,(anonymous_2)
FNF:3
FNH:0
FNDA:0,(anonymous_0)
FNDA:0,(anonymous_1)
FNDA:0,(anonymous_2)
DA:1,2
DA:3,2
DA:4,0
DA:5,0
DA:6,0
DA:7,0
DA:8,0
DA:11,2
DA:12,0
DA:15,2
DA:16,0
DA:18,0
DA:19,0
DA:20,0
DA:21,0
DA:24,0
LF:16
LH:4
BRDA:18,0,0,0
BRDA:18,0,1,0
BRDA:18,1,0,0
BRDA:18,1,1,0
BRDA:20,2,0,0
BRDA:20,2,1,0
BRF:6
BRH:0
end_of_record
TN:
SF:src\models\card.model.js
FN:22,(anonymous_0)
FNF:1
FNH:1
FNDA:22,(anonymous_0)
DA:1,2
DA:3,2
DA:21,2
DA:23,22
DA:24,22
DA:25,22
DA:29,2
LF:7
LH:7
BRF:0
BRH:0
end_of_record
TN:
SF:src\models\document.model.js
FN:20,(anonymous_0)
FNF:1
FNH:1
FNDA:27,(anonymous_0)
DA:1,2
DA:3,2
DA:19,2
DA:21,27
DA:22,27
DA:23,27
DA:27,2
LF:7
LH:7
BRF:0
BRH:0
end_of_record
TN:
SF:src\models\user.model.js
FN:49,(anonymous_0)
FNF:1
FNH:0
FNDA:0,(anonymous_0)
DA:1,2
DA:2,2
DA:3,2
DA:5,2
DA:49,2
DA:50,0
DA:51,0
DA:52,0
DA:55,2
DA:56,2
LF:10
LH:7
BRF:0
BRH:0
end_of_record
TN:
SF:src\routes\card.routes.js
FNF:0
FNH:0
DA:1,2
DA:2,2
DA:4,2
DA:5,2
DA:6,2
DA:7,2
DA:8,2
DA:10,2
LF:8
LH:8
BRF:0
BRH:0
end_of_record
TN:
SF:src\routes\document.routes.js
FNF:0
FNH:0
DA:1,2
DA:2,2
DA:4,2
DA:5,2
DA:6,2
DA:7,2
DA:8,2
DA:10,2
LF:8
LH:8
BRF:0
BRH:0
end_of_record
TN:
SF:src\routes\user.routes.js
FNF:0
FNH:0
DA:1,2
DA:2,2
DA:4,2
DA:5,2
DA:6,2
DA:7,2
DA:8,2
DA:10,2
LF:8
LH:8
BRF:0
BRH:0
end_of_record
TN:
SF:src\utils\logger.js
FN:1,(anonymous_0)
FN:7,(anonymous_1)
FNF:2
FNH:1
FNDA:4,(anonymous_0)
FNDA:0,(anonymous_1)
DA:1,2
DA:2,4
DA:3,0
DA:7,2
DA:8,0
DA:9,0
LF:6
LH:3
BRDA:2,0,0,0
BRDA:2,0,1,4
BRDA:8,1,0,0
BRDA:8,1,1,0
BRF:4
BRH:1
end_of_record
TN:
SF:tests\test_helper.js
FN:28,(anonymous_0)
FN:36,(anonymous_1)
FN:44,(anonymous_2)
FN:46,(anonymous_3)
FN:49,(anonymous_4)
FN:51,(anonymous_5)
FNF:6
FNH:4
FNDA:0,(anonymous_0)
FNDA:0,(anonymous_1)
FNDA:4,(anonymous_2)
FNDA:11,(anonymous_3)
FNDA:7,(anonymous_4)
FNDA:13,(anonymous_5)
DA:1,2
DA:2,2
DA:4,2
DA:19,2
DA:28,2
DA:29,0
DA:30,0
DA:31,0
DA:33,0
DA:36,2
DA:37,0
DA:38,0
DA:39,0
DA:41,0
DA:44,2
DA:45,4
DA:46,11
DA:49,2
DA:50,7
DA:51,13
DA:54,2
LF:21
LH:13
BRF:0
BRH:0
end_of_record
